# JRE version: Java(TM) SE Runtime Environment (18.0.2.1+1) (build 18.0.2.1+1-1)
# Java VM: Java HotSpot(TM) 64-Bit Server VM (18.0.2.1+1-1, mixed mode, sharing, tiered, compressed oops, compressed class ptrs, g1 gc, windows-amd64)
GC Precious Log:
 CardTable entry size: 512
 Card Set container configuration: InlinePtr #cards 4 size 8 Array Of Cards #cards 16 size 48 Howl #buckets 8 coarsen threshold 3686 Howl Bitmap #cards 512 size 80 coarsen threshold 460 Card regions per heap region 1 cards per card region 4096
 CPUs: 4 total, 4 available
 Memory: 12187M
 Large Page Support: Disabled
 NUMA Support: Disabled
 Compressed Oops: Enabled (Zero based)
 Heap Region Size: 2M
 Heap Min Capacity: 8M
 Heap Initial Capacity: 192M
 Heap Max Capacity: 3048M
 Pre-touch: Disabled
 Parallel Workers: 4
 Concurrent Workers: 1
 Concurrent Refinement Workers: 4
 Periodic GC: Disabled
Heap:
 garbage-first heap   total 196608K, used 60900K [0x0000000741800000, 0x0000000800000000)
  region size 2048K, 30 young (61440K), 1 survivors (2048K)
 Metaspace       used 4640K, committed 4864K, reserved 1114112K
  class space    used 270K, committed 384K, reserved 1048576K
GC Heap History (6 events):
Event: 2.582 GC heap before
{Heap before GC invocations=0 (full 0):
 garbage-first heap   total 196608K, used 10240K [0x0000000741800000, 0x0000000800000000)
  region size 2048K, 6 young (12288K), 0 survivors (0K)
 Metaspace       used 4059K, committed 4224K, reserved 1114112K
  class space    used 230K, committed 320K, reserved 1048576K
}
Event: 2.604 GC heap after
{Heap after GC invocations=1 (full 0):
 garbage-first heap   total 196608K, used 2563K [0x0000000741800000, 0x0000000800000000)
  region size 2048K, 1 young (2048K), 1 survivors (2048K)
 Metaspace       used 4059K, committed 4224K, reserved 1114112K
  class space    used 230K, committed 320K, reserved 1048576K
}
Event: 5.291 GC heap before
{Heap before GC invocations=1 (full 0):
 garbage-first heap   total 196608K, used 14851K [0x0000000741800000, 0x0000000800000000)
  region size 2048K, 7 young (14336K), 1 survivors (2048K)
 Metaspace       used 4597K, committed 4800K, reserved 1114112K
  class space    used 264K, committed 384K, reserved 1048576K
}
Event: 5.295 GC heap after
{Heap after GC invocations=2 (full 0):
 garbage-first heap   total 196608K, used 3503K [0x0000000741800000, 0x0000000800000000)
  region size 2048K, 1 young (2048K), 1 survivors (2048K)
 Metaspace       used 4597K, committed 4800K, reserved 1114112K
  class space    used 264K, committed 384K, reserved 1048576K
}
Event: 16.312 GC heap before
{Heap before GC invocations=2 (full 0):
 garbage-first heap   total 196608K, used 36271K [0x0000000741800000, 0x0000000800000000)
  region size 2048K, 17 young (34816K), 1 survivors (2048K)
 Metaspace       used 4615K, committed 4864K, reserved 1114112K
  class space    used 264K, committed 384K, reserved 1048576K
}
Event: 16.313 GC heap after
{Heap after GC invocations=3 (full 0):
 garbage-first heap   total 196608K, used 3556K [0x0000000741800000, 0x0000000800000000)
  region size 2048K, 1 young (2048K), 1 survivors (2048K)
 Metaspace       used 4615K, committed 4864K, reserved 1114112K
  class space    used 264K, committed 384K, reserved 1048576K
}

